<?xml version="1.0" encoding="UTF-8"?>
<!-- Generated by org.testng.reporters.JUnitXMLReporter -->
<testsuite hostname="DDC5-D-608P3M7" ignored="0" name="Default test" tests="3" failures="0" timestamp="08 Aug 2019 07:20:15 GMT" time="70.053" errors="0">
  <testcase name="testLogin" time="43.263" classname="testNG.Handson.OnlineShoppingTest"/>
  <testcase name="testCart" time="8.16" classname="testNG.Handson.OnlineShoppingTest"/>
  <testcase name="testPayment" time="16.307" classname="testNG.Handson.OnlineShoppingTest"/>
</testsuite> <!-- Default test -->
