<?xml version="1.0" encoding="UTF-8"?>
<testng-results skipped="0" failed="0" ignored="0" total="3" passed="3">
  <reporter-output>
  </reporter-output>
  <suite name="Default suite" duration-ms="70053" started-at="2019-08-08T07:19:05Z" finished-at="2019-08-08T07:20:15Z">
    <groups>
    </groups>
    <test name="Default test" duration-ms="70053" started-at="2019-08-08T07:19:05Z" finished-at="2019-08-08T07:20:15Z">
      <class name="testNG.Handson.OnlineShoppingTest">
        <test-method status="PASS" signature="startReportBeforeTest()[pri:0, instance:testNG.Handson.OnlineShoppingTest@39c0f4a]" name="startReportBeforeTest" is-config="true" duration-ms="803" started-at="2019-08-08T07:19:05Z" finished-at="2019-08-08T07:19:06Z">
          <reporter-output>
          </reporter-output>
        </test-method> <!-- startReportBeforeTest -->
        <test-method status="PASS" signature="testLogin()[pri:2, instance:testNG.Handson.OnlineShoppingTest@39c0f4a]" name="testLogin" duration-ms="43263" started-at="2019-08-08T07:19:06Z" finished-at="2019-08-08T07:19:49Z">
          <reporter-output>
          </reporter-output>
        </test-method> <!-- testLogin -->
        <test-method status="PASS" signature="getResultAfterMethod(org.testng.ITestResult)[pri:0, instance:testNG.Handson.OnlineShoppingTest@39c0f4a]" name="getResultAfterMethod" is-config="true" duration-ms="19" started-at="2019-08-08T07:19:49Z" finished-at="2019-08-08T07:19:49Z">
          <params>
            <param index="0">
              <value>
                <![CDATA[[TestResult name=testLogin status=SUCCESS method=OnlineShoppingTest.testLogin()[pri:2, instance:testNG.Handson.OnlineShoppingTest@39c0f4a] output={null}]]]>
              </value>
            </param>
          </params>
          <reporter-output>
          </reporter-output>
        </test-method> <!-- getResultAfterMethod -->
        <test-method status="PASS" signature="testCart()[pri:3, instance:testNG.Handson.OnlineShoppingTest@39c0f4a]" name="testCart" duration-ms="8160" started-at="2019-08-08T07:19:49Z" finished-at="2019-08-08T07:19:58Z">
          <reporter-output>
          </reporter-output>
        </test-method> <!-- testCart -->
        <test-method status="PASS" signature="getResultAfterMethod(org.testng.ITestResult)[pri:0, instance:testNG.Handson.OnlineShoppingTest@39c0f4a]" name="getResultAfterMethod" is-config="true" duration-ms="2" started-at="2019-08-08T07:19:58Z" finished-at="2019-08-08T07:19:58Z">
          <params>
            <param index="0">
              <value>
                <![CDATA[[TestResult name=testCart status=SUCCESS method=OnlineShoppingTest.testCart()[pri:3, instance:testNG.Handson.OnlineShoppingTest@39c0f4a] output={null}]]]>
              </value>
            </param>
          </params>
          <reporter-output>
          </reporter-output>
        </test-method> <!-- getResultAfterMethod -->
        <test-method status="PASS" signature="testPayment()[pri:4, instance:testNG.Handson.OnlineShoppingTest@39c0f4a]" name="testPayment" duration-ms="16307" started-at="2019-08-08T07:19:58Z" finished-at="2019-08-08T07:20:14Z">
          <reporter-output>
          </reporter-output>
        </test-method> <!-- testPayment -->
        <test-method status="PASS" signature="getResultAfterMethod(org.testng.ITestResult)[pri:0, instance:testNG.Handson.OnlineShoppingTest@39c0f4a]" name="getResultAfterMethod" is-config="true" duration-ms="2" started-at="2019-08-08T07:20:14Z" finished-at="2019-08-08T07:20:14Z">
          <params>
            <param index="0">
              <value>
                <![CDATA[[TestResult name=testPayment status=SUCCESS method=OnlineShoppingTest.testPayment()[pri:4, instance:testNG.Handson.OnlineShoppingTest@39c0f4a] output={null}]]]>
              </value>
            </param>
          </params>
          <reporter-output>
          </reporter-output>
        </test-method> <!-- getResultAfterMethod -->
        <test-method status="PASS" signature="endReportAfterTest()[pri:0, instance:testNG.Handson.OnlineShoppingTest@39c0f4a]" name="endReportAfterTest" is-config="true" duration-ms="1429" started-at="2019-08-08T07:20:14Z" finished-at="2019-08-08T07:20:15Z">
          <reporter-output>
          </reporter-output>
        </test-method> <!-- endReportAfterTest -->
      </class> <!-- testNG.Handson.OnlineShoppingTest -->
    </test> <!-- Default test -->
  </suite> <!-- Default suite -->
</testng-results>
